# JRE version: Java(TM) SE Runtime Environment (7.0_75-b13) (build 1.7.0_75-b13)
# Java VM: Java HotSpot(TM) 64-Bit Server VM (24.75-b04 mixed mode windows-amd64 compressed oops)
Heap
 PSYoungGen      total 319488K, used 123099K [0x00000000eaa80000, 0x00000000ff880000, 0x0000000100000000)
  eden space 299008K, 41% used [0x00000000eaa80000,0x00000000f22b6e28,0x00000000fce80000)
  from space 20480K, 0% used [0x00000000fe480000,0x00000000fe480000,0x00000000ff880000)
  to   space 21504K, 0% used [0x00000000fce80000,0x00000000fce80000,0x00000000fe380000)
 ParOldGen       total 74752K, used 31432K [0x00000000c0000000, 0x00000000c4900000, 0x00000000eaa80000)
  object space 74752K, 42% used [0x00000000c0000000,0x00000000c1eb2298,0x00000000c4900000)
 PSPermGen       total 89088K, used 43216K [0x00000000b0000000, 0x00000000b5700000, 0x00000000c0000000)
  object space 89088K, 48% used [0x00000000b0000000,0x00000000b2a34208,0x00000000b5700000)
GC Heap History (10 events):
Event: 23.056 GC heap before
{Heap before GC invocations=8 (full 0):
 PSYoungGen      total 139264K, used 139264K [0x00000000eaa80000, 0x00000000fc480000, 0x0000000100000000)
  eden space 131072K, 100% used [0x00000000eaa80000,0x00000000f2a80000,0x00000000f2a80000)
  from space 8192K, 100% used [0x00000000f2a80000,0x00000000f3280000,0x00000000f3280000)
  to   space 13312K, 0% used [0x00000000fb780000,0x00000000fb780000,0x00000000fc480000)
 ParOldGen       total 42496K, used 20765K [0x00000000c0000000, 0x00000000c2980000, 0x00000000eaa80000)
  object space 42496K, 48% used [0x00000000c0000000,0x00000000c1447588,0x00000000c2980000)
 PSPermGen       total 37888K, used 37642K [0x00000000b0000000, 0x00000000b2500000, 0x00000000c0000000)
  object space 37888K, 99% used [0x00000000b0000000,0x00000000b24c2978,0x00000000b2500000)
Event: 23.631 GC heap after
Heap after GC invocations=8 (full 0):
 PSYoungGen      total 267264K, used 13297K [0x00000000eaa80000, 0x00000000fd480000, 0x0000000100000000)
  eden space 253952K, 0% used [0x00000000eaa80000,0x00000000eaa80000,0x00000000fa280000)
  from space 13312K, 99% used [0x00000000fb780000,0x00000000fc47c480,0x00000000fc480000)
  to   space 21504K, 0% used [0x00000000fa280000,0x00000000fa280000,0x00000000fb780000)
 ParOldGen       total 42496K, used 34811K [0x00000000c0000000, 0x00000000c2980000, 0x00000000eaa80000)
  object space 42496K, 81% used [0x00000000c0000000,0x00000000c21feed0,0x00000000c2980000)
 PSPermGen       total 37888K, used 37642K [0x00000000b0000000, 0x00000000b2500000, 0x00000000c0000000)
  object space 37888K, 99% used [0x00000000b0000000,0x00000000b24c2978,0x00000000b2500000)
}
Event: 23.631 GC heap before
{Heap before GC invocations=9 (full 1):
 PSYoungGen      total 267264K, used 13297K [0x00000000eaa80000, 0x00000000fd480000, 0x0000000100000000)
  eden space 253952K, 0% used [0x00000000eaa80000,0x00000000eaa80000,0x00000000fa280000)
  from space 13312K, 99% used [0x00000000fb780000,0x00000000fc47c480,0x00000000fc480000)
  to   space 21504K, 0% used [0x00000000fa280000,0x00000000fa280000,0x00000000fb780000)
 ParOldGen       total 42496K, used 34811K [0x00000000c0000000, 0x00000000c2980000, 0x00000000eaa80000)
  object space 42496K, 81% used [0x00000000c0000000,0x00000000c21feed0,0x00000000c2980000)
 PSPermGen       total 37888K, used 37642K [0x00000000b0000000, 0x00000000b2500000, 0x00000000c0000000)
  object space 37888K, 99% used [0x00000000b0000000,0x00000000b24c2978,0x00000000b2500000)
Event: 25.389 GC heap after
Heap after GC invocations=9 (full 1):
 PSYoungGen      total 267264K, used 0K [0x00000000eaa80000, 0x00000000fd480000, 0x0000000100000000)
  eden space 253952K, 0% used [0x00000000eaa80000,0x00000000eaa80000,0x00000000fa280000)
  from space 13312K, 0% used [0x00000000fb780000,0x00000000fb780000,0x00000000fc480000)
  to   space 21504K, 0% used [0x00000000fa280000,0x00000000fa280000,0x00000000fb780000)
 ParOldGen       total 74752K, used 35581K [0x00000000c0000000, 0x00000000c4900000, 0x00000000eaa80000)
  object space 74752K, 47% used [0x00000000c0000000,0x00000000c22bf558,0x00000000c4900000)
 PSPermGen       total 75776K, used 37623K [0x00000000b0000000, 0x00000000b4a00000, 0x00000000c0000000)
  object space 75776K, 49% used [0x00000000b0000000,0x00000000b24bde20,0x00000000b4a00000)
}
Event: 44.451 GC heap before
{Heap before GC invocations=10 (full 1):
 PSYoungGen      total 267264K, used 253952K [0x00000000eaa80000, 0x00000000fd480000, 0x0000000100000000)
  eden space 253952K, 100% used [0x00000000eaa80000,0x00000000fa280000,0x00000000fa280000)
  from space 13312K, 0% used [0x00000000fb780000,0x00000000fb780000,0x00000000fc480000)
  to   space 21504K, 0% used [0x00000000fa280000,0x00000000fa280000,0x00000000fb780000)
 ParOldGen       total 74752K, used 35581K [0x00000000c0000000, 0x00000000c4900000, 0x00000000eaa80000)
  object space 74752K, 47% used [0x00000000c0000000,0x00000000c22bf558,0x00000000c4900000)
 PSPermGen       total 75776K, used 41515K [0x00000000b0000000, 0x00000000b4a00000, 0x00000000c0000000)
  object space 75776K, 54% used [0x00000000b0000000,0x00000000b288aca8,0x00000000b4a00000)
Event: 44.520 GC heap after
Heap after GC invocations=10 (full 1):
 PSYoungGen      total 275456K, used 13991K [0x00000000eaa80000, 0x00000000ffa80000, 0x0000000100000000)
  eden space 253952K, 0% used [0x00000000eaa80000,0x00000000eaa80000,0x00000000fa280000)
  from space 21504K, 65% used [0x00000000fa280000,0x00000000fb029e38,0x00000000fb780000)
  to   space 22528K, 0% used [0x00000000fe480000,0x00000000fe480000,0x00000000ffa80000)
 ParOldGen       total 74752K, used 35581K [0x00000000c0000000, 0x00000000c4900000, 0x00000000eaa80000)
  object space 74752K, 47% used [0x00000000c0000000,0x00000000c22bf558,0x00000000c4900000)
 PSPermGen       total 75776K, used 41515K [0x00000000b0000000, 0x00000000b4a00000, 0x00000000c0000000)
  object space 75776K, 54% used [0x00000000b0000000,0x00000000b288aca8,0x00000000b4a00000)
}
Event: 50.137 GC heap before
{Heap before GC invocations=11 (full 1):
 PSYoungGen      total 275456K, used 139200K [0x00000000eaa80000, 0x00000000ffa80000, 0x0000000100000000)
  eden space 253952K, 49% used [0x00000000eaa80000,0x00000000f24c6308,0x00000000fa280000)
  from space 21504K, 65% used [0x00000000fa280000,0x00000000fb029e38,0x00000000fb780000)
  to   space 22528K, 0% used [0x00000000fe480000,0x00000000fe480000,0x00000000ffa80000)
 ParOldGen       total 74752K, used 35581K [0x00000000c0000000, 0x00000000c4900000, 0x00000000eaa80000)
  object space 74752K, 47% used [0x00000000c0000000,0x00000000c22bf558,0x00000000c4900000)
 PSPermGen       total 75776K, used 42977K [0x00000000b0000000, 0x00000000b4a00000, 0x00000000c0000000)
  object space 75776K, 56% used [0x00000000b0000000,0x00000000b29f8688,0x00000000b4a00000)
Event: 50.176 GC heap after
Heap after GC invocations=11 (full 1):
 PSYoungGen      total 319488K, used 7668K [0x00000000eaa80000, 0x00000000ff880000, 0x0000000100000000)
  eden space 299008K, 0% used [0x00000000eaa80000,0x00000000eaa80000,0x00000000fce80000)
  from space 20480K, 37% used [0x00000000fe480000,0x00000000febfd388,0x00000000ff880000)
  to   space 21504K, 0% used [0x00000000fce80000,0x00000000fce80000,0x00000000fe380000)
 ParOldGen       total 74752K, used 35589K [0x00000000c0000000, 0x00000000c4900000, 0x00000000eaa80000)
  object space 74752K, 47% used [0x00000000c0000000,0x00000000c22c1558,0x00000000c4900000)
 PSPermGen       total 75776K, used 42977K [0x00000000b0000000, 0x00000000b4a00000, 0x00000000c0000000)
  object space 75776K, 56% used [0x00000000b0000000,0x00000000b29f8688,0x00000000b4a00000)
}
Event: 50.176 GC heap before
{Heap before GC invocations=12 (full 2):
 PSYoungGen      total 319488K, used 7668K [0x00000000eaa80000, 0x00000000ff880000, 0x0000000100000000)
  eden space 299008K, 0% used [0x00000000eaa80000,0x00000000eaa80000,0x00000000fce80000)
  from space 20480K, 37% used [0x00000000fe480000,0x00000000febfd388,0x00000000ff880000)
  to   space 21504K, 0% used [0x00000000fce80000,0x00000000fce80000,0x00000000fe380000)
 ParOldGen       total 74752K, used 35589K [0x00000000c0000000, 0x00000000c4900000, 0x00000000eaa80000)
  object space 74752K, 47% used [0x00000000c0000000,0x00000000c22c1558,0x00000000c4900000)
 PSPermGen       total 75776K, used 42977K [0x00000000b0000000, 0x00000000b4a00000, 0x00000000c0000000)
  object space 75776K, 56% used [0x00000000b0000000,0x00000000b29f8688,0x00000000b4a00000)
Event: 50.696 GC heap after
Heap after GC invocations=12 (full 2):
 PSYoungGen      total 319488K, used 0K [0x00000000eaa80000, 0x00000000ff880000, 0x0000000100000000)
  eden space 299008K, 0% used [0x00000000eaa80000,0x00000000eaa80000,0x00000000fce80000)
  from space 20480K, 0% used [0x00000000fe480000,0x00000000fe480000,0x00000000ff880000)
  to   space 21504K, 0% used [0x00000000fce80000,0x00000000fce80000,0x00000000fe380000)
 ParOldGen       total 74752K, used 31432K [0x00000000c0000000, 0x00000000c4900000, 0x00000000eaa80000)
  object space 74752K, 42% used [0x00000000c0000000,0x00000000c1eb2298,0x00000000c4900000)
 PSPermGen       total 89088K, used 42938K [0x00000000b0000000, 0x00000000b5700000, 0x00000000c0000000)
  object space 89088K, 48% used [0x00000000b0000000,0x00000000b29ee8a0,0x00000000b5700000)
}

